
Sat 12 Aug 2023 08:40:17 PM UTC: 
 exercises.c | 104 +++++++++++++++++++++++++++++++++++++++++++++++++++++++-----
 1 file changed, 96 insertions(+), 8 deletions(-)
In file included from test.c:1:
exercises.c: In function ‘reverseArray’:
exercises.c:33:9: error: unused variable ‘aux’ [-Werror=unused-variable]
   33 |     int aux = arr[left];
      |         ^~~
exercises.c: In function ‘filterEvenNumbers’:
exercises.c:55:8: error: ‘newSize’ redeclared as different kind of symbol
   55 |   int *newSize = 0;
      |        ^~~~~~~
exercises.c:53:50: note: previous definition of ‘newSize’ with type ‘int *’
   53 | int *filterEvenNumbers(int arr[], int size, int *newSize){
      |                                             ~~~~~^~~~~~~
test.c: In function ‘test_findMax’:
test.c:91:18: error: implicit declaration of function ‘findMax’ [-Werror=implicit-function-declaration]
   91 |     int result = findMax(arr, size);
      |                  ^~~~~~~
cc1: all warnings being treated as errors
Compilation failed
e67cebf
Sat 12 Aug 2023 08:41:26 PM UTC: 
 exercises.c | 2 +-
 1 file changed, 1 insertion(+), 1 deletion(-)
In file included from test.c:1:
exercises.c: In function ‘reverseArray’:
exercises.c:33:9: error: unused variable ‘aux’ [-Werror=unused-variable]
   33 |     int aux = arr[left];
      |         ^~~
exercises.c: In function ‘filterEvenNumbers’:
exercises.c:55:8: error: ‘newSize’ redeclared as different kind of symbol
   55 |   int *newSize = 0;
      |        ^~~~~~~
exercises.c:53:50: note: previous definition of ‘newSize’ with type ‘int *’
   53 | int *filterEvenNumbers(int arr[], int size, int *newSize){
      |                                             ~~~~~^~~~~~~
cc1: all warnings being treated as errors
Compilation failed
848771a
Sat 12 Aug 2023 08:43:08 PM UTC: 
 exercises.c | 2 +-
 1 file changed, 1 insertion(+), 1 deletion(-)
In file included from test.c:1:
exercises.c: In function ‘reverseArray’:
exercises.c:33:9: error: unused variable ‘aux’ [-Werror=unused-variable]
   33 |     int aux = arr[left];
      |         ^~~
exercises.c: In function ‘filterEvenNumbers’:
exercises.c:55:7: error: expected identifier or ‘(’ before ‘&’ token
   55 |   int &newSize = 0;
      |       ^
cc1: all warnings being treated as errors
Compilation failed
a5fcf27
Sat 12 Aug 2023 08:43:22 PM UTC: 
 exercises.c | 2 +-
 1 file changed, 1 insertion(+), 1 deletion(-)
In file included from test.c:1:
exercises.c: In function ‘reverseArray’:
exercises.c:33:9: error: unused variable ‘aux’ [-Werror=unused-variable]
   33 |     int aux = arr[left];
      |         ^~~
exercises.c: In function ‘filterEvenNumbers’:
exercises.c:55:7: error: ‘newSize’ redeclared as different kind of symbol
   55 |   int newSize = 0;
      |       ^~~~~~~
exercises.c:53:50: note: previous definition of ‘newSize’ with type ‘int *’
   53 | int *filterEvenNumbers(int arr[], int size, int *newSize){
      |                                             ~~~~~^~~~~~~
exercises.c:60:10: error: returning ‘int’ from a function with return type ‘int *’ makes pointer from integer without a cast [-Werror=int-conversion]
   60 |   return newSize;;
      |          ^~~~~~~
cc1: all warnings being treated as errors
Compilation failed
1a2c225
Sat 12 Aug 2023 08:43:58 PM UTC: 
 exercises.c | 2 +-
 1 file changed, 1 insertion(+), 1 deletion(-)
In file included from test.c:1:
exercises.c: In function ‘reverseArray’:
exercises.c:33:9: error: unused variable ‘aux’ [-Werror=unused-variable]
   33 |     int aux = arr[left];
      |         ^~~
exercises.c: In function ‘filterEvenNumbers’:
exercises.c:55:8: error: ‘newSize’ redeclared as different kind of symbol
   55 |   int *newSize = 0;
      |        ^~~~~~~
exercises.c:53:50: note: previous definition of ‘newSize’ with type ‘int *’
   53 | int *filterEvenNumbers(int arr[], int size, int *newSize){
      |                                             ~~~~~^~~~~~~
cc1: all warnings being treated as errors
Compilation failed
4c689be
Sat 12 Aug 2023 08:44:38 PM UTC: 
 exercises.c | 1 +
 1 file changed, 1 insertion(+)
In file included from test.c:1:
exercises.c: In function ‘reverseArray’:
exercises.c:34:9: error: unused variable ‘aux’ [-Werror=unused-variable]
   34 |     int aux = arr[left];
      |         ^~~
exercises.c:30:7: error: unused variable ‘aux’ [-Werror=unused-variable]
   30 |   int aux = 0;
      |       ^~~
exercises.c: In function ‘filterEvenNumbers’:
exercises.c:56:8: error: ‘newSize’ redeclared as different kind of symbol
   56 |   int *newSize = 0;
      |        ^~~~~~~
exercises.c:54:50: note: previous definition of ‘newSize’ with type ‘int *’
   54 | int *filterEvenNumbers(int arr[], int size, int *newSize){
      |                                             ~~~~~^~~~~~~
cc1: all warnings being treated as errors
Compilation failed
7806ca1
Sat 12 Aug 2023 08:45:22 PM UTC: 
 exercises.c | 2 +-
 1 file changed, 1 insertion(+), 1 deletion(-)
In file included from test.c:1:
exercises.c: In function ‘reverseArray’:
exercises.c:30:7: error: variable ‘aux’ set but not used [-Werror=unused-but-set-variable]
   30 |   int aux = 0;
      |       ^~~
exercises.c: In function ‘filterEvenNumbers’:
exercises.c:56:8: error: ‘newSize’ redeclared as different kind of symbol
   56 |   int *newSize = 0;
      |        ^~~~~~~
exercises.c:54:50: note: previous definition of ‘newSize’ with type ‘int *’
   54 | int *filterEvenNumbers(int arr[], int size, int *newSize){
      |                                             ~~~~~^~~~~~~
cc1: all warnings being treated as errors
Compilation failed
bd8a9ed
Sat 12 Aug 2023 08:46:49 PM UTC: 
 exercises.c | 2 +-
 1 file changed, 1 insertion(+), 1 deletion(-)
In file included from test.c:1:
exercises.c: In function ‘reverseArray’:
exercises.c:30:7: error: variable ‘aux’ set but not used [-Werror=unused-but-set-variable]
   30 |   int aux = 0;
      |       ^~~
In file included from /nix/store/4pqv2mwdn88h7xvsm7a5zplrd8sxzvw0-glibc-2.35-163-dev/include/string.h:535,
                 from exercises.c:5,
                 from test.c:1:
In function ‘strncpy’,
    inlined from ‘inicializarLibro’ at exercises.c:145:3:
/nix/store/4pqv2mwdn88h7xvsm7a5zplrd8sxzvw0-glibc-2.35-163-dev/include/bits/string_fortified.h:95:10: error: ‘__builtin_strncpy’ specified bound 100 equals destination size [-Werror=stringop-truncation]
   95 |   return __builtin___strncpy_chk (__dest, __src, __len,
      |          ^~~~~~~~~~~~~~~~~~~~~~~~~~~~~~~~~~~~~~~~~~~~~~
   96 |                                   __glibc_objsize (__dest));
      |                                   ~~~~~~~~~~~~~~~~~~~~~~~~~
In function ‘strncpy’,
    inlined from ‘inicializarLibro’ at exercises.c:146:3:
/nix/store/4pqv2mwdn88h7xvsm7a5zplrd8sxzvw0-glibc-2.35-163-dev/include/bits/string_fortified.h:95:10: error: ‘__builtin_strncpy’ specified bound 50 equals destination size [-Werror=stringop-truncation]
   95 |   return __builtin___strncpy_chk (__dest, __src, __len,
      |          ^~~~~~~~~~~~~~~~~~~~~~~~~~~~~~~~~~~~~~~~~~~~~~
   96 |                                   __glibc_objsize (__dest));
      |                                   ~~~~~~~~~~~~~~~~~~~~~~~~~
cc1: all warnings being treated as errors
Compilation failed
8e51727
Sat 12 Aug 2023 08:47:46 PM UTC: 
 exercises.c | 2 +-
 1 file changed, 1 insertion(+), 1 deletion(-)
In file included from test.c:1:
exercises.c: In function ‘reverseArray’:
exercises.c:30:7: error: variable ‘aux’ set but not used [-Werror=unused-but-set-variable]
   30 |   int aux = 0;
      |       ^~~
In file included from /nix/store/4pqv2mwdn88h7xvsm7a5zplrd8sxzvw0-glibc-2.35-163-dev/include/string.h:535,
                 from exercises.c:5,
                 from test.c:1:
In function ‘strncpy’,
    inlined from ‘inicializarLibro’ at exercises.c:145:3:
/nix/store/4pqv2mwdn88h7xvsm7a5zplrd8sxzvw0-glibc-2.35-163-dev/include/bits/string_fortified.h:95:10: error: ‘__builtin_strncpy’ specified bound 100 equals destination size [-Werror=stringop-truncation]
   95 |   return __builtin___strncpy_chk (__dest, __src, __len,
      |          ^~~~~~~~~~~~~~~~~~~~~~~~~~~~~~~~~~~~~~~~~~~~~~
   96 |                                   __glibc_objsize (__dest));
      |                                   ~~~~~~~~~~~~~~~~~~~~~~~~~
In function ‘strncpy’,
    inlined from ‘inicializarLibro’ at exercises.c:146:3:
/nix/store/4pqv2mwdn88h7xvsm7a5zplrd8sxzvw0-glibc-2.35-163-dev/include/bits/string_fortified.h:95:10: error: ‘__builtin_strncpy’ specified bound 50 equals destination size [-Werror=stringop-truncation]
   95 |   return __builtin___strncpy_chk (__dest, __src, __len,
      |          ^~~~~~~~~~~~~~~~~~~~~~~~~~~~~~~~~~~~~~~~~~~~~~
   96 |                                   __glibc_objsize (__dest));
      |                                   ~~~~~~~~~~~~~~~~~~~~~~~~~
cc1: all warnings being treated as errors
Compilation failed
38dea77
Sat 12 Aug 2023 08:47:54 PM UTC: 
 exercises.c | 2 +-
 1 file changed, 1 insertion(+), 1 deletion(-)
In file included from test.c:1:
exercises.c: In function ‘reverseArray’:
exercises.c:30:7: error: variable ‘aux’ set but not used [-Werror=unused-but-set-variable]
   30 |   int aux = 0;
      |       ^~~
exercises.c: In function ‘filterEvenNumbers’:
exercises.c:56:8: error: ‘newSize’ redeclared as different kind of symbol
   56 |   int *newSize = 0;
      |        ^~~~~~~
exercises.c:54:50: note: previous definition of ‘newSize’ with type ‘int *’
   54 | int *filterEvenNumbers(int arr[], int size, int *newSize){
      |                                             ~~~~~^~~~~~~
cc1: all warnings being treated as errors
Compilation failed
a2055da
Sat 12 Aug 2023 08:49:34 PM UTC: 
 exercises.c | 4 +++-
 1 file changed, 3 insertions(+), 1 deletion(-)
In file included from test.c:1:
exercises.c: In function ‘reverseArray’:
exercises.c:30:7: error: variable ‘aux’ set but not used [-Werror=unused-but-set-variable]
   30 |   int aux = 0;
      |       ^~~
test.c: At top level:
test.c:37:24: error: unknown type name ‘Nodo’
   37 | void print_linked_list(Nodo* lista) {
      |                        ^~~~
test.c: In function ‘test_crearListaEnlazada’:
test.c:331:5: error: unknown type name ‘Nodo’
  331 |     Nodo* lista = crearListaEnlazada(arr, size);
      |     ^~~~
test.c:331:19: error: implicit declaration of function ‘crearListaEnlazada’; did you mean ‘test_crearListaEnlazada’? [-Werror=implicit-function-declaration]
  331 |     Nodo* lista = crearListaEnlazada(arr, size);
      |                   ^~~~~~~~~~~~~~~~~~
      |                   test_crearListaEnlazada
test.c:331:19: error: initialization of ‘int *’ from ‘int’ makes pointer from integer without a cast [-Werror=int-conversion]
test.c:333:5: error: unknown type name ‘Nodo’
  333 |     Nodo* current = lista;
      |     ^~~~
test.c:336:37: error: request for member ‘numero’ in something not a structure or union
  336 |       if (current == NULL || current->numero != arr[i]) {
      |                                     ^~
test.c:339:9: error: implicit declaration of function ‘print_linked_list’ [-Werror=implicit-function-declaration]
  339 |         print_linked_list(lista);
      |         ^~~~~~~~~~~~~~~~~
test.c:343:11: error: unknown type name ‘Nodo’
  343 |           Nodo* temp = lista;
      |           ^~~~
test.c:344:24: error: request for member ‘siguiente’ in something not a structure or union
  344 |           lista = lista->siguiente;
      |                        ^~
test.c:349:24: error: request for member ‘siguiente’ in something not a structure or union
  349 |       current = current->siguiente;
      |                        ^~
test.c:360:9: error: unknown type name ‘Nodo’
  360 |         Nodo* temp = lista;
      |         ^~~~
test.c:361:22: error: request for member ‘siguiente’ in something not a structure or union
  361 |         lista = lista->siguiente;
      |                      ^~
test.c:369:7: error: unknown type name ‘Nodo’
  369 |       Nodo* temp = lista;
      |       ^~~~
test.c:370:20: error: request for member ‘siguiente’ in something not a structure or union
  370 |       lista = lista->siguiente;
      |                    ^~
cc1: all warnings being treated as errors
Compilation failed
d00f7cd
Sat 12 Aug 2023 08:49:55 PM UTC: 
 exercises.c | 2 +-
 1 file changed, 1 insertion(+), 1 deletion(-)
In file included from test.c:1:
exercises.c: In function ‘reverseArray’:
exercises.c:30:7: error: variable ‘aux’ set but not used [-Werror=unused-but-set-variable]
   30 |   int aux = 0;
      |       ^~~
exercises.c: In function ‘filterEvenNumbers’:
exercises.c:56:7: error: expected identifier or ‘(’ before ‘&’ token
   56 |   int &newSize = 0;
      |       ^
test.c: At top level:
test.c:37:24: error: unknown type name ‘Nodo’
   37 | void print_linked_list(Nodo* lista) {
      |                        ^~~~
test.c: In function ‘test_crearListaEnlazada’:
test.c:331:5: error: unknown type name ‘Nodo’
  331 |     Nodo* lista = crearListaEnlazada(arr, size);
      |     ^~~~
test.c:331:19: error: implicit declaration of function ‘crearListaEnlazada’; did you mean ‘test_crearListaEnlazada’? [-Werror=implicit-function-declaration]
  331 |     Nodo* lista = crearListaEnlazada(arr, size);
      |                   ^~~~~~~~~~~~~~~~~~
      |                   test_crearListaEnlazada
test.c:331:19: error: initialization of ‘int *’ from ‘int’ makes pointer from integer without a cast [-Werror=int-conversion]
test.c:333:5: error: unknown type name ‘Nodo’
  333 |     Nodo* current = lista;
      |     ^~~~
test.c:336:37: error: request for member ‘numero’ in something not a structure or union
  336 |       if (current == NULL || current->numero != arr[i]) {
      |                                     ^~
test.c:339:9: error: implicit declaration of function ‘print_linked_list’ [-Werror=implicit-function-declaration]
  339 |         print_linked_list(lista);
      |         ^~~~~~~~~~~~~~~~~
test.c:343:11: error: unknown type name ‘Nodo’
  343 |           Nodo* temp = lista;
      |           ^~~~
test.c:344:24: error: request for member ‘siguiente’ in something not a structure or union
  344 |           lista = lista->siguiente;
      |                        ^~
test.c:349:24: error: request for member ‘siguiente’ in something not a structure or union
  349 |       current = current->siguiente;
      |                        ^~
test.c:360:9: error: unknown type name ‘Nodo’
  360 |         Nodo* temp = lista;
      |         ^~~~
test.c:361:22: error: request for member ‘siguiente’ in something not a structure or union
  361 |         lista = lista->siguiente;
      |                      ^~
test.c:369:7: error: unknown type name ‘Nodo’
  369 |       Nodo* temp = lista;
      |       ^~~~
test.c:370:20: error: request for member ‘siguiente’ in something not a structure or union
  370 |       lista = lista->siguiente;
      |                    ^~
cc1: all warnings being treated as errors
Compilation failed
1764ec7
Sat 12 Aug 2023 08:50:02 PM UTC: 
 exercises.c | 2 +-
 1 file changed, 1 insertion(+), 1 deletion(-)
In file included from test.c:1:
exercises.c: In function ‘reverseArray’:
exercises.c:30:7: error: variable ‘aux’ set but not used [-Werror=unused-but-set-variable]
   30 |   int aux = 0;
      |       ^~~
exercises.c: In function ‘filterEvenNumbers’:
exercises.c:56:8: error: ‘newSize’ redeclared as different kind of symbol
   56 |   int *newSize = 0;
      |        ^~~~~~~
exercises.c:54:50: note: previous definition of ‘newSize’ with type ‘int *’
   54 | int *filterEvenNumbers(int arr[], int size, int *newSize){
      |                                             ~~~~~^~~~~~~
test.c: At top level:
test.c:37:24: error: unknown type name ‘Nodo’
   37 | void print_linked_list(Nodo* lista) {
      |                        ^~~~
test.c: In function ‘test_crearListaEnlazada’:
test.c:331:5: error: unknown type name ‘Nodo’
  331 |     Nodo* lista = crearListaEnlazada(arr, size);
      |     ^~~~
test.c:331:19: error: implicit declaration of function ‘crearListaEnlazada’; did you mean ‘test_crearListaEnlazada’? [-Werror=implicit-function-declaration]
  331 |     Nodo* lista = crearListaEnlazada(arr, size);
      |                   ^~~~~~~~~~~~~~~~~~
      |                   test_crearListaEnlazada
test.c:331:19: error: initialization of ‘int *’ from ‘int’ makes pointer from integer without a cast [-Werror=int-conversion]
test.c:333:5: error: unknown type name ‘Nodo’
  333 |     Nodo* current = lista;
      |     ^~~~
test.c:336:37: error: request for member ‘numero’ in something not a structure or union
  336 |       if (current == NULL || current->numero != arr[i]) {
      |                                     ^~
test.c:339:9: error: implicit declaration of function ‘print_linked_list’ [-Werror=implicit-function-declaration]
  339 |         print_linked_list(lista);
      |         ^~~~~~~~~~~~~~~~~
test.c:343:11: error: unknown type name ‘Nodo’
  343 |           Nodo* temp = lista;
      |           ^~~~
test.c:344:24: error: request for member ‘siguiente’ in something not a structure or union
  344 |           lista = lista->siguiente;
      |                        ^~
test.c:349:24: error: request for member ‘siguiente’ in something not a structure or union
  349 |       current = current->siguiente;
      |                        ^~
test.c:360:9: error: unknown type name ‘Nodo’
  360 |         Nodo* temp = lista;
      |         ^~~~
test.c:361:22: error: request for member ‘siguiente’ in something not a structure or union
  361 |         lista = lista->siguiente;
      |                      ^~
test.c:369:7: error: unknown type name ‘Nodo’
  369 |       Nodo* temp = lista;
      |       ^~~~
test.c:370:20: error: request for member ‘siguiente’ in something not a structure or union
  370 |       lista = lista->siguiente;
      |                    ^~
cc1: all warnings being treated as errors
Compilation failed
8d030a8
Sat 12 Aug 2023 08:50:15 PM UTC: 
 exercises.c | 3 +--
 1 file changed, 1 insertion(+), 2 deletions(-)
In file included from test.c:1:
exercises.c: In function ‘reverseArray’:
exercises.c:30:7: error: variable ‘aux’ set but not used [-Werror=unused-but-set-variable]
   30 |   int aux = 0;
      |       ^~~
exercises.c: In function ‘filterEvenNumbers’:
exercises.c:56:8: error: ‘newSize’ redeclared as different kind of symbol
   56 |   int *newSize = 0;
      |        ^~~~~~~
exercises.c:54:50: note: previous definition of ‘newSize’ with type ‘int *’
   54 | int *filterEvenNumbers(int arr[], int size, int *newSize){
      |                                             ~~~~~^~~~~~~
cc1: all warnings being treated as errors
Compilation failed
cfd7e27
Sat 12 Aug 2023 08:53:25 PM UTC: 
 exercises.c | 6 +++---
 1 file changed, 3 insertions(+), 3 deletions(-)
In file included from test.c:1:
exercises.c: In function ‘reverseArray’:
exercises.c:30:7: error: variable ‘aux’ set but not used [-Werror=unused-but-set-variable]
   30 |   int aux = 0;
      |       ^~~
In file included from /nix/store/4pqv2mwdn88h7xvsm7a5zplrd8sxzvw0-glibc-2.35-163-dev/include/string.h:535,
                 from exercises.c:5,
                 from test.c:1:
In function ‘strncpy’,
    inlined from ‘inicializarLibro’ at exercises.c:145:3:
/nix/store/4pqv2mwdn88h7xvsm7a5zplrd8sxzvw0-glibc-2.35-163-dev/include/bits/string_fortified.h:95:10: error: ‘__builtin_strncpy’ specified bound 100 equals destination size [-Werror=stringop-truncation]
   95 |   return __builtin___strncpy_chk (__dest, __src, __len,
      |          ^~~~~~~~~~~~~~~~~~~~~~~~~~~~~~~~~~~~~~~~~~~~~~
   96 |                                   __glibc_objsize (__dest));
      |                                   ~~~~~~~~~~~~~~~~~~~~~~~~~
In function ‘strncpy’,
    inlined from ‘inicializarLibro’ at exercises.c:146:3:
/nix/store/4pqv2mwdn88h7xvsm7a5zplrd8sxzvw0-glibc-2.35-163-dev/include/bits/string_fortified.h:95:10: error: ‘__builtin_strncpy’ specified bound 50 equals destination size [-Werror=stringop-truncation]
   95 |   return __builtin___strncpy_chk (__dest, __src, __len,
      |          ^~~~~~~~~~~~~~~~~~~~~~~~~~~~~~~~~~~~~~~~~~~~~~
   96 |                                   __glibc_objsize (__dest));
      |                                   ~~~~~~~~~~~~~~~~~~~~~~~~~
cc1: all warnings being treated as errors
Compilation failed
06416d6
Sat 12 Aug 2023 08:57:15 PM UTC: 
 exercises.c | 6 +++---
 1 file changed, 3 insertions(+), 3 deletions(-)
In file included from test.c:1:
exercises.c: In function ‘reverseArray’:
exercises.c:30:7: error: variable ‘aux’ set but not used [-Werror=unused-but-set-variable]
   30 |   int aux = 0;
      |       ^~~
exercises.c: In function ‘filterEvenNumbers’:
exercises.c:56:8: error: ‘newSize’ redeclared as different kind of symbol
   56 |   int *newSize = 0;
      |        ^~~~~~~
exercises.c:54:50: note: previous definition of ‘newSize’ with type ‘int *’
   54 | int *filterEvenNumbers(int arr[], int size, int *newSize){
      |                                             ~~~~~^~~~~~~
cc1: all warnings being treated as errors
Compilation failed
85bdc70
Sat 12 Aug 2023 08:58:30 PM UTC: 
 exercises.c | 6 +++---
 1 file changed, 3 insertions(+), 3 deletions(-)
In file included from test.c:1:
exercises.c: In function ‘reverseArray’:
exercises.c:30:7: error: variable ‘aux’ set but not used [-Werror=unused-but-set-variable]
   30 |   int aux = 0;
      |       ^~~
exercises.c: In function ‘filterEvenNumbers’:
exercises.c:61:10: error: returning ‘int’ from a function with return type ‘int *’ makes pointer from integer without a cast [-Werror=int-conversion]
   61 |   return nuevaSize;;
      |          ^~~~~~~~~
In file included from /nix/store/4pqv2mwdn88h7xvsm7a5zplrd8sxzvw0-glibc-2.35-163-dev/include/string.h:535,
                 from exercises.c:5,
                 from test.c:1:
In function ‘strncpy’,
    inlined from ‘inicializarLibro’ at exercises.c:145:3:
/nix/store/4pqv2mwdn88h7xvsm7a5zplrd8sxzvw0-glibc-2.35-163-dev/include/bits/string_fortified.h:95:10: error: ‘__builtin_strncpy’ specified bound 100 equals destination size [-Werror=stringop-truncation]
   95 |   return __builtin___strncpy_chk (__dest, __src, __len,
      |          ^~~~~~~~~~~~~~~~~~~~~~~~~~~~~~~~~~~~~~~~~~~~~~
   96 |                                   __glibc_objsize (__dest));
      |                                   ~~~~~~~~~~~~~~~~~~~~~~~~~
In function ‘strncpy’,
    inlined from ‘inicializarLibro’ at exercises.c:146:3:
/nix/store/4pqv2mwdn88h7xvsm7a5zplrd8sxzvw0-glibc-2.35-163-dev/include/bits/string_fortified.h:95:10: error: ‘__builtin_strncpy’ specified bound 50 equals destination size [-Werror=stringop-truncation]
   95 |   return __builtin___strncpy_chk (__dest, __src, __len,
      |          ^~~~~~~~~~~~~~~~~~~~~~~~~~~~~~~~~~~~~~~~~~~~~~
   96 |                                   __glibc_objsize (__dest));
      |                                   ~~~~~~~~~~~~~~~~~~~~~~~~~
cc1: all warnings being treated as errors
Compilation failed
14523c5
Sat 12 Aug 2023 08:58:37 PM UTC: 
 exercises.c | 2 +-
 1 file changed, 1 insertion(+), 1 deletion(-)
In file included from test.c:1:
exercises.c: In function ‘reverseArray’:
exercises.c:30:7: error: variable ‘aux’ set but not used [-Werror=unused-but-set-variable]
   30 |   int aux = 0;
      |       ^~~
In file included from /nix/store/4pqv2mwdn88h7xvsm7a5zplrd8sxzvw0-glibc-2.35-163-dev/include/string.h:535,
                 from exercises.c:5,
                 from test.c:1:
In function ‘strncpy’,
    inlined from ‘inicializarLibro’ at exercises.c:145:3:
/nix/store/4pqv2mwdn88h7xvsm7a5zplrd8sxzvw0-glibc-2.35-163-dev/include/bits/string_fortified.h:95:10: error: ‘__builtin_strncpy’ specified bound 100 equals destination size [-Werror=stringop-truncation]
   95 |   return __builtin___strncpy_chk (__dest, __src, __len,
      |          ^~~~~~~~~~~~~~~~~~~~~~~~~~~~~~~~~~~~~~~~~~~~~~
   96 |                                   __glibc_objsize (__dest));
      |                                   ~~~~~~~~~~~~~~~~~~~~~~~~~
In function ‘strncpy’,
    inlined from ‘inicializarLibro’ at exercises.c:146:3:
/nix/store/4pqv2mwdn88h7xvsm7a5zplrd8sxzvw0-glibc-2.35-163-dev/include/bits/string_fortified.h:95:10: error: ‘__builtin_strncpy’ specified bound 50 equals destination size [-Werror=stringop-truncation]
   95 |   return __builtin___strncpy_chk (__dest, __src, __len,
      |          ^~~~~~~~~~~~~~~~~~~~~~~~~~~~~~~~~~~~~~~~~~~~~~
   96 |                                   __glibc_objsize (__dest));
      |                                   ~~~~~~~~~~~~~~~~~~~~~~~~~
cc1: all warnings being treated as errors
Compilation failed
2dd1191
Sat 12 Aug 2023 08:58:44 PM UTC: 
 exercises.c | 2 +-
 1 file changed, 1 insertion(+), 1 deletion(-)
In file included from test.c:1:
exercises.c: In function ‘reverseArray’:
exercises.c:30:7: error: variable ‘aux’ set but not used [-Werror=unused-but-set-variable]
   30 |   int aux = 0;
      |       ^~~
exercises.c: In function ‘filterEvenNumbers’:
exercises.c:56:7: error: expected identifier or ‘(’ before ‘&’ token
   56 |   int &nuevaSize = 0;
      |       ^
exercises.c:59:23: error: ‘nuevaSize’ undeclared (first use in this function); did you mean ‘newSize’?
   59 |     if(esPar(arr[i])) nuevaSize++;
      |                       ^~~~~~~~~
      |                       newSize
exercises.c:59:23: note: each undeclared identifier is reported only once for each function it appears in
exercises.c:62:1: error: control reaches end of non-void function [-Werror=return-type]
   62 | }
      | ^
cc1: all warnings being treated as errors
Compilation failed
d4345c0
Sat 12 Aug 2023 08:59:49 PM UTC: 
 exercises.c | 6 +++---
 1 file changed, 3 insertions(+), 3 deletions(-)
In file included from test.c:1:
exercises.c: In function ‘reverseArray’:
exercises.c:30:7: error: variable ‘aux’ set but not used [-Werror=unused-but-set-variable]
   30 |   int aux = 0;
      |       ^~~
exercises.c: In function ‘filterEvenNumbers’:
exercises.c:56:8: error: ‘newSize’ redeclared as different kind of symbol
   56 |   int *newSize = 0;
      |        ^~~~~~~
exercises.c:54:50: note: previous definition of ‘newSize’ with type ‘int *’
   54 | int *filterEvenNumbers(int arr[], int size, int *newSize){
      |                                             ~~~~~^~~~~~~
cc1: all warnings being treated as errors
Compilation failed
8bbcc93
Sat 12 Aug 2023 09:06:48 PM UTC: 
 exercises.c | 21 ++++++++++++++++++++-
 1 file changed, 20 insertions(+), 1 deletion(-)
In file included from test.c:1:
exercises.c: In function ‘reverseArray’:
exercises.c:30:7: error: variable ‘aux’ set but not used [-Werror=unused-but-set-variable]
   30 |   int aux = 0;
      |       ^~~
exercises.c: In function ‘filterEvenNumbers’:
exercises.c:56:8: error: ‘newSize’ redeclared as different kind of symbol
   56 |   int *newSize = 0;
      |        ^~~~~~~
exercises.c:54:50: note: previous definition of ‘newSize’ with type ‘int *’
   54 | int *filterEvenNumbers(int arr[], int size, int *newSize){
      |                                             ~~~~~^~~~~~~
cc1: all warnings being treated as errors
Compilation failed
1458fb9
Sat 12 Aug 2023 09:42:08 PM UTC: 
In file included from test.c:1:
exercises.c: In function ‘reverseArray’:
exercises.c:30:7: error: variable ‘aux’ set but not used [-Werror=unused-but-set-variable]
   30 |   int aux = 0;
      |       ^~~
exercises.c: In function ‘filterEvenNumbers’:
exercises.c:56:8: error: ‘newSize’ redeclared as different kind of symbol
   56 |   int *newSize = 0;
      |        ^~~~~~~
exercises.c:54:50: note: previous definition of ‘newSize’ with type ‘int *’
   54 | int *filterEvenNumbers(int arr[], int size, int *newSize){
      |                                             ~~~~~^~~~~~~
cc1: all warnings being treated as errors
Compilation failed
2034995
Sat 12 Aug 2023 09:43:09 PM UTC: 
 exercises.c | 3 +--
 1 file changed, 1 insertion(+), 2 deletions(-)
In file included from test.c:1:
exercises.c: In function ‘reverseArray’:
exercises.c:33:9: error: unused variable ‘aux’ [-Werror=unused-variable]
   33 |     int aux = arr[left];
      |         ^~~
exercises.c: In function ‘filterEvenNumbers’:
exercises.c:55:8: error: ‘newSize’ redeclared as different kind of symbol
   55 |   int *newSize = 0;
      |        ^~~~~~~
exercises.c:53:50: note: previous definition of ‘newSize’ with type ‘int *’
   53 | int *filterEvenNumbers(int arr[], int size, int *newSize){
      |                                             ~~~~~^~~~~~~
cc1: all warnings being treated as errors
Compilation failed
f1f1297
Sat 12 Aug 2023 09:43:30 PM UTC: 
 exercises.c | 3 ++-
 1 file changed, 2 insertions(+), 1 deletion(-)
In file included from test.c:1:
exercises.c: In function ‘reverseArray’:
exercises.c:33:9: error: variable ‘aux’ set but not used [-Werror=unused-but-set-variable]
   33 |     int aux  = 0;
      |         ^~~
exercises.c: In function ‘filterEvenNumbers’:
exercises.c:56:8: error: ‘newSize’ redeclared as different kind of symbol
   56 |   int *newSize = 0;
      |        ^~~~~~~
exercises.c:54:50: note: previous definition of ‘newSize’ with type ‘int *’
   54 | int *filterEvenNumbers(int arr[], int size, int *newSize){
      |                                             ~~~~~^~~~~~~
cc1: all warnings being treated as errors
Compilation failed
cd57a77
Sat 12 Aug 2023 09:43:55 PM UTC: 
 exercises.c | 3 +--
 1 file changed, 1 insertion(+), 2 deletions(-)
In file included from test.c:1:
exercises.c: In function ‘reverseArray’:
exercises.c:29:19: error: variable ‘aux’ set but not used [-Werror=unused-but-set-variable]
   29 |   size_t left = 0,aux = 0;
      |                   ^~~
exercises.c: In function ‘filterEvenNumbers’:
exercises.c:55:8: error: ‘newSize’ redeclared as different kind of symbol
   55 |   int *newSize = 0;
      |        ^~~~~~~
exercises.c:53:50: note: previous definition of ‘newSize’ with type ‘int *’
   53 | int *filterEvenNumbers(int arr[], int size, int *newSize){
      |                                             ~~~~~^~~~~~~
cc1: all warnings being treated as errors
Compilation failed
35fd3ba
Sat 12 Aug 2023 09:44:37 PM UTC: 
 exercises.c | 4 ++--
 1 file changed, 2 insertions(+), 2 deletions(-)
In file included from test.c:1:
exercises.c: In function ‘filterEvenNumbers’:
exercises.c:55:8: error: ‘newSize’ redeclared as different kind of symbol
   55 |   int *newSize = 0;
      |        ^~~~~~~
exercises.c:53:50: note: previous definition of ‘newSize’ with type ‘int *’
   53 | int *filterEvenNumbers(int arr[], int size, int *newSize){
      |                                             ~~~~~^~~~~~~
Compilation failed
4ef5e2a
Sat 12 Aug 2023 09:45:26 PM UTC: 
 exercises.c | 6 +++---
 1 file changed, 3 insertions(+), 3 deletions(-)
In file included from test.c:1:
exercises.c: In function ‘filterEvenNumbers’:
exercises.c:55:8: error: ‘newSize’ redeclared as different kind of symbol
   55 |   int *newSize = 0;
      |        ^~~~~~~
exercises.c:53:50: note: previous definition of ‘newSize’ with type ‘int *’
   53 | int *filterEvenNumbers(int arr[], int size, int *newSize){
      |                                             ~~~~~^~~~~~~
Compilation failed
d230fa3
Sat 12 Aug 2023 09:47:11 PM UTC: 
 exercises.c | 2 --
 1 file changed, 2 deletions(-)
Sat 12 Aug 2023 09:47:17 PM UTC: 
 exercises.c | 2 --
 1 file changed, 2 deletions(-)
In file included from test.c:1:
exercises.c: In function ‘filterEvenNumbers’:
exercises.c:55:8: error: ‘newSize’ redeclared as different kind of symbol
   55 |   int *newSize = 0;
      |        ^~~~~~~
exercises.c:53:50: note: previous definition of ‘newSize’ with type ‘int *’
   53 | int *filterEvenNumbers(int arr[], int size, int *newSize){
      |                                             ~~~~~^~~~~~~
test.c: In function ‘crearListaEnlazada’:
test.c:382:5: error: ‘main’ is normally a non-static function [-Werror=main]
  382 | int main(int argc, char *argv[]) {
      |     ^~~~
test.c:410:1: error: expected declaration or statement at end of input
  410 | }
      | ^
test.c:7:6: error: unused variable ‘msg’ [-Werror=unused-variable]
    7 | char msg[300];
      |      ^~~
test.c:411: error: control reaches end of non-void function [-Werror=return-type]
At top level:
test.c:382:5: error: ‘main’ defined but not used [-Werror=unused-function]
  382 | int main(int argc, char *argv[]) {
      |     ^~~~
test.c:47:6: error: ‘readIntArray’ defined but not used [-Werror=unused-function]
   47 | void readIntArray(int arr[], int *size) {
      |      ^~~~~~~~~~~~
cc1: all warnings being treated as errors
Compilation failed
59c9601
Sat 12 Aug 2023 09:47:45 PM UTC: 
In file included from test.c:1:
exercises.c: In function ‘filterEvenNumbers’:
exercises.c:55:8: error: ‘newSize’ redeclared as different kind of symbol
   55 |   int *newSize = 0;
      |        ^~~~~~~
exercises.c:53:50: note: previous definition of ‘newSize’ with type ‘int *’
   53 | int *filterEvenNumbers(int arr[], int size, int *newSize){
      |                                             ~~~~~^~~~~~~
test.c: In function ‘crearListaEnlazada’:
test.c:382:5: error: ‘main’ is normally a non-static function [-Werror=main]
  382 | int main(int argc, char *argv[]) {
      |     ^~~~
test.c:410:1: error: expected declaration or statement at end of input
  410 | }
      | ^
test.c:7:6: error: unused variable ‘msg’ [-Werror=unused-variable]
    7 | char msg[300];
      |      ^~~
test.c:411: error: control reaches end of non-void function [-Werror=return-type]
At top level:
test.c:382:5: error: ‘main’ defined but not used [-Werror=unused-function]
  382 | int main(int argc, char *argv[]) {
      |     ^~~~
test.c:47:6: error: ‘readIntArray’ defined but not used [-Werror=unused-function]
   47 | void readIntArray(int arr[], int *size) {
      |      ^~~~~~~~~~~~
cc1: all warnings being treated as errors
Compilation failed
35bb7e2
Sat 12 Aug 2023 09:48:27 PM UTC: 
 exercises.c | 1 +
 1 file changed, 1 insertion(+)
In file included from test.c:1:
exercises.c: In function ‘filterEvenNumbers’:
exercises.c:55:8: error: ‘newSize’ redeclared as different kind of symbol
   55 |   int *newSize = 0;
      |        ^~~~~~~
exercises.c:53:50: note: previous definition of ‘newSize’ with type ‘int *’
   53 | int *filterEvenNumbers(int arr[], int size, int *newSize){
      |                                             ~~~~~^~~~~~~
Compilation failed
6525a4d
Sat 12 Aug 2023 09:49:57 PM UTC: 
In file included from test.c:1:
exercises.c: In function ‘filterEvenNumbers’:
exercises.c:55:8: error: ‘newSize’ redeclared as different kind of symbol
   55 |   int *newSize = 0;
      |        ^~~~~~~
exercises.c:53:50: note: previous definition of ‘newSize’ with type ‘int *’
   53 | int *filterEvenNumbers(int arr[], int size, int *newSize){
      |                                             ~~~~~^~~~~~~
Compilation failed
de10a5f
Sat 12 Aug 2023 09:54:19 PM UTC: 
In file included from test.c:1:
exercises.c: In function ‘filterEvenNumbers’:
exercises.c:55:8: error: ‘newSize’ redeclared as different kind of symbol
   55 |   int *newSize = 0;
      |        ^~~~~~~
exercises.c:53:50: note: previous definition of ‘newSize’ with type ‘int *’
   53 | int *filterEvenNumbers(int arr[], int size, int *newSize){
      |                                             ~~~~~^~~~~~~
Compilation failed
29addf0
Mon 14 Aug 2023 04:32:00 AM UTC: 
In file included from test.c:1:
exercises.c: In function ‘filterEvenNumbers’:
exercises.c:55:8: error: ‘newSize’ redeclared as different kind of symbol
   55 |   int *newSize = 0;
      |        ^~~~~~~
exercises.c:53:50: note: previous definition of ‘newSize’ with type ‘int *’
   53 | int *filterEvenNumbers(int arr[], int size, int *newSize){
      |                                             ~~~~~^~~~~~~
Compilation failed
09d06c0
Mon 14 Aug 2023 04:32:22 AM UTC: 
In file included from test.c:1:
exercises.c: In function ‘filterEvenNumbers’:
exercises.c:55:8: error: ‘newSize’ redeclared as different kind of symbol
   55 |   int *newSize = 0;
      |        ^~~~~~~
exercises.c:53:50: note: previous definition of ‘newSize’ with type ‘int *’
   53 | int *filterEvenNumbers(int arr[], int size, int *newSize){
      |                                             ~~~~~^~~~~~~
Compilation failed
d86b7fe
Mon 14 Aug 2023 10:51:22 AM UTC: 
In file included from test.c:1:
exercises.c: In function ‘filterEvenNumbers’:
exercises.c:55:8: error: ‘newSize’ redeclared as different kind of symbol
   55 |   int *newSize = 0;
      |        ^~~~~~~
exercises.c:53:50: note: previous definition of ‘newSize’ with type ‘int *’
   53 | int *filterEvenNumbers(int arr[], int size, int *newSize){
      |                                             ~~~~~^~~~~~~
Compilation failed
b9f7acc
Mon 14 Aug 2023 03:09:27 PM UTC: 
 exercises.c | 2 +-
 1 file changed, 1 insertion(+), 1 deletion(-)
In file included from /nix/store/4pqv2mwdn88h7xvsm7a5zplrd8sxzvw0-glibc-2.35-163-dev/include/string.h:535,
                 from exercises.c:5,
                 from test.c:1:
In function ‘strncpy’,
    inlined from ‘inicializarLibro’ at exercises.c:144:3:
/nix/store/4pqv2mwdn88h7xvsm7a5zplrd8sxzvw0-glibc-2.35-163-dev/include/bits/string_fortified.h:95:10: error: ‘__builtin_strncpy’ specified bound 100 equals destination size [-Werror=stringop-truncation]
   95 |   return __builtin___strncpy_chk (__dest, __src, __len,
      |          ^~~~~~~~~~~~~~~~~~~~~~~~~~~~~~~~~~~~~~~~~~~~~~
   96 |                                   __glibc_objsize (__dest));
      |                                   ~~~~~~~~~~~~~~~~~~~~~~~~~
In function ‘strncpy’,
    inlined from ‘inicializarLibro’ at exercises.c:145:3:
/nix/store/4pqv2mwdn88h7xvsm7a5zplrd8sxzvw0-glibc-2.35-163-dev/include/bits/string_fortified.h:95:10: error: ‘__builtin_strncpy’ specified bound 50 equals destination size [-Werror=stringop-truncation]
   95 |   return __builtin___strncpy_chk (__dest, __src, __len,
      |          ^~~~~~~~~~~~~~~~~~~~~~~~~~~~~~~~~~~~~~~~~~~~~~
   96 |                                   __glibc_objsize (__dest));
      |                                   ~~~~~~~~~~~~~~~~~~~~~~~~~
cc1: all warnings being treated as errors
Compilation failed
7fd8f70
Mon 14 Aug 2023 03:10:03 PM UTC: 
 exercises.c | 4 ++--
 1 file changed, 2 insertions(+), 2 deletions(-)
In file included from test.c:1:
exercises.c: In function ‘inicializarLibro’:
exercises.c:144:3: error: too many arguments to function ‘strcpy’
  144 |   strcpy(libro -> titulo, titulo, sizeof(libro -> titulo));
      |   ^~~~~~
In file included from /nix/store/4pqv2mwdn88h7xvsm7a5zplrd8sxzvw0-glibc-2.35-163-dev/include/features.h:490,
                 from /nix/store/4pqv2mwdn88h7xvsm7a5zplrd8sxzvw0-glibc-2.35-163-dev/include/ctype.h:25,
                 from exercises.c:1,
                 from test.c:1:
/nix/store/4pqv2mwdn88h7xvsm7a5zplrd8sxzvw0-glibc-2.35-163-dev/include/bits/string_fortified.h:77:1: note: declared here
   77 | __NTH (strcpy (char *__restrict __dest, const char *__restrict __src))
      | ^~~~~
In file included from test.c:1:
exercises.c:145:3: error: too many arguments to function ‘strcpy’
  145 |   strcpy(libro -> autor.nombre, nombreAutor, sizeof(libro -> autor.nombre));
      |   ^~~~~~
In file included from /nix/store/4pqv2mwdn88h7xvsm7a5zplrd8sxzvw0-glibc-2.35-163-dev/include/features.h:490,
                 from /nix/store/4pqv2mwdn88h7xvsm7a5zplrd8sxzvw0-glibc-2.35-163-dev/include/ctype.h:25,
                 from exercises.c:1,
                 from test.c:1:
/nix/store/4pqv2mwdn88h7xvsm7a5zplrd8sxzvw0-glibc-2.35-163-dev/include/bits/string_fortified.h:77:1: note: declared here
   77 | __NTH (strcpy (char *__restrict __dest, const char *__restrict __src))
      | ^~~~~
Compilation failed
Mon 14 Aug 2023 03:10:04 PM UTC: 
 exercises.c | 4 ++--
 1 file changed, 2 insertions(+), 2 deletions(-)
In file included from test.c:1:
exercises.c: In function ‘inicializarLibro’:
exercises.c:144:3: error: too many arguments to function ‘strcpy’
  144 |   strcpy(libro -> titulo, titulo, sizeof(libro -> titulo));
      |   ^~~~~~
In file included from /nix/store/4pqv2mwdn88h7xvsm7a5zplrd8sxzvw0-glibc-2.35-163-dev/include/features.h:490,
                 from /nix/store/4pqv2mwdn88h7xvsm7a5zplrd8sxzvw0-glibc-2.35-163-dev/include/ctype.h:25,
                 from exercises.c:1,
                 from test.c:1:
/nix/store/4pqv2mwdn88h7xvsm7a5zplrd8sxzvw0-glibc-2.35-163-dev/include/bits/string_fortified.h:77:1: note: declared here
   77 | __NTH (strcpy (char *__restrict __dest, const char *__restrict __src))
      | ^~~~~
In file included from test.c:1:
exercises.c:145:3: error: too many arguments to function ‘strcpy’
  145 |   strcpy(libro -> autor.nombre, nombreAutor, sizeof(libro -> autor.nombre));
      |   ^~~~~~
In file included from /nix/store/4pqv2mwdn88h7xvsm7a5zplrd8sxzvw0-glibc-2.35-163-dev/include/features.h:490,
                 from /nix/store/4pqv2mwdn88h7xvsm7a5zplrd8sxzvw0-glibc-2.35-163-dev/include/ctype.h:25,
                 from exercises.c:1,
                 from test.c:1:
/nix/store/4pqv2mwdn88h7xvsm7a5zplrd8sxzvw0-glibc-2.35-163-dev/include/bits/string_fortified.h:77:1: note: declared here
   77 | __NTH (strcpy (char *__restrict __dest, const char *__restrict __src))
      | ^~~~~
Compilation failed
00bb714
Mon 14 Aug 2023 03:12:02 PM UTC: 
 exercises.c | 41 +++++++++++++++++++++++------------------
 1 file changed, 23 insertions(+), 18 deletions(-)
 tests:  0|2
total_score: 50/70
deb7ae4
Mon 14 Aug 2023 03:13:22 PM UTC: 
 exercises.c | 6 +++---
 1 file changed, 3 insertions(+), 3 deletions(-)
 tests:  0|2
total_score: 50/70
5a516cb
Mon 14 Aug 2023 03:14:45 PM UTC: 
 exercises.c | 15 ++++++---------
 1 file changed, 6 insertions(+), 9 deletions(-)
In file included from test.c:1:
exercises.c: In function ‘reverseArray’:
exercises.c:30:7: error: variable ‘temp’ set but not used [-Werror=unused-but-set-variable]
   30 |   int temp;
      |       ^~~~
cc1: all warnings being treated as errors
Compilation failed
a709b02
Mon 14 Aug 2023 03:14:57 PM UTC: 
 exercises.c | 2 +-
 1 file changed, 1 insertion(+), 1 deletion(-)
 tests:  0|1
total_score: 60/70
03e7367
Mon 14 Aug 2023 03:17:06 PM UTC: 
 exercises.c | 12 +++++++++---
 1 file changed, 9 insertions(+), 3 deletions(-)
In file included from test.c:1:
exercises.c: In function ‘filterEvenNumbers’:
exercises.c:55:62: error: passing argument 2 of ‘realloc’ makes integer from pointer without a cast [-Werror=int-conversion]
   55 |       filteredArray = (int *)realloc(filteredArray, (newSize + 1));
      |                                                     ~~~~~~~~~^~~~
      |                                                              |
      |                                                              int *
In file included from exercises.c:4,
                 from test.c:1:
/nix/store/4pqv2mwdn88h7xvsm7a5zplrd8sxzvw0-glibc-2.35-163-dev/include/stdlib.h:551:43: note: expected ‘size_t’ {aka ‘long unsigned int’} but argument is of type ‘int *’
  551 | extern void *realloc (void *__ptr, size_t __size)
      |                                    ~~~~~~~^~~~~~
cc1: all warnings being treated as errors
Compilation failed
9b6204a
